ARM GAS  /tmp/ccc08HK0.s 			page 1


   1              		.cpu cortex-m7
   2              		.eabi_attribute 28, 1
   3              		.eabi_attribute 20, 1
   4              		.eabi_attribute 21, 1
   5              		.eabi_attribute 23, 3
   6              		.eabi_attribute 24, 1
   7              		.eabi_attribute 25, 1
   8              		.eabi_attribute 26, 1
   9              		.eabi_attribute 30, 1
  10              		.eabi_attribute 34, 1
  11              		.eabi_attribute 18, 4
  12              		.file	"stm32f7xx_hal_spi_ex.c"
  13              		.text
  14              	.Ltext0:
  15              		.cfi_sections	.debug_frame
  16              		.section	.text.HAL_SPIEx_FlushRxFifo,"ax",%progbits
  17              		.align	1
  18              		.global	HAL_SPIEx_FlushRxFifo
  19              		.syntax unified
  20              		.thumb
  21              		.thumb_func
  22              		.fpu fpv5-d16
  24              	HAL_SPIEx_FlushRxFifo:
  25              	.LFB141:
  26              		.file 1 "Drivers/STM32F7xx_HAL_Driver/Src/stm32f7xx_hal_spi_ex.c"
   1:Drivers/STM32F7xx_HAL_Driver/Src/stm32f7xx_hal_spi_ex.c **** /**
   2:Drivers/STM32F7xx_HAL_Driver/Src/stm32f7xx_hal_spi_ex.c ****   ******************************************************************************
   3:Drivers/STM32F7xx_HAL_Driver/Src/stm32f7xx_hal_spi_ex.c ****   * @file    stm32f7xx_hal_spi_ex.c
   4:Drivers/STM32F7xx_HAL_Driver/Src/stm32f7xx_hal_spi_ex.c ****   * @author  MCD Application Team
   5:Drivers/STM32F7xx_HAL_Driver/Src/stm32f7xx_hal_spi_ex.c ****   * @brief   Extended SPI HAL module driver.
   6:Drivers/STM32F7xx_HAL_Driver/Src/stm32f7xx_hal_spi_ex.c ****   *          This file provides firmware functions to manage the following
   7:Drivers/STM32F7xx_HAL_Driver/Src/stm32f7xx_hal_spi_ex.c ****   *          SPI peripheral extended functionalities :
   8:Drivers/STM32F7xx_HAL_Driver/Src/stm32f7xx_hal_spi_ex.c ****   *           + IO operation functions
   9:Drivers/STM32F7xx_HAL_Driver/Src/stm32f7xx_hal_spi_ex.c ****   *
  10:Drivers/STM32F7xx_HAL_Driver/Src/stm32f7xx_hal_spi_ex.c ****   ******************************************************************************
  11:Drivers/STM32F7xx_HAL_Driver/Src/stm32f7xx_hal_spi_ex.c ****   * @attention
  12:Drivers/STM32F7xx_HAL_Driver/Src/stm32f7xx_hal_spi_ex.c ****   *
  13:Drivers/STM32F7xx_HAL_Driver/Src/stm32f7xx_hal_spi_ex.c ****   * <h2><center>&copy; Copyright (c) 2017 STMicroelectronics.
  14:Drivers/STM32F7xx_HAL_Driver/Src/stm32f7xx_hal_spi_ex.c ****   * All rights reserved.</center></h2>
  15:Drivers/STM32F7xx_HAL_Driver/Src/stm32f7xx_hal_spi_ex.c ****   *
  16:Drivers/STM32F7xx_HAL_Driver/Src/stm32f7xx_hal_spi_ex.c ****   * This software component is licensed by ST under BSD 3-Clause license,
  17:Drivers/STM32F7xx_HAL_Driver/Src/stm32f7xx_hal_spi_ex.c ****   * the "License"; You may not use this file except in compliance with the
  18:Drivers/STM32F7xx_HAL_Driver/Src/stm32f7xx_hal_spi_ex.c ****   * License. You may obtain a copy of the License at:
  19:Drivers/STM32F7xx_HAL_Driver/Src/stm32f7xx_hal_spi_ex.c ****   *                        opensource.org/licenses/BSD-3-Clause
  20:Drivers/STM32F7xx_HAL_Driver/Src/stm32f7xx_hal_spi_ex.c ****   *
  21:Drivers/STM32F7xx_HAL_Driver/Src/stm32f7xx_hal_spi_ex.c ****   ******************************************************************************
  22:Drivers/STM32F7xx_HAL_Driver/Src/stm32f7xx_hal_spi_ex.c ****   */
  23:Drivers/STM32F7xx_HAL_Driver/Src/stm32f7xx_hal_spi_ex.c **** 
  24:Drivers/STM32F7xx_HAL_Driver/Src/stm32f7xx_hal_spi_ex.c **** /* Includes ------------------------------------------------------------------*/
  25:Drivers/STM32F7xx_HAL_Driver/Src/stm32f7xx_hal_spi_ex.c **** #include "stm32f7xx_hal.h"
  26:Drivers/STM32F7xx_HAL_Driver/Src/stm32f7xx_hal_spi_ex.c **** 
  27:Drivers/STM32F7xx_HAL_Driver/Src/stm32f7xx_hal_spi_ex.c **** /** @addtogroup STM32F7xx_HAL_Driver
  28:Drivers/STM32F7xx_HAL_Driver/Src/stm32f7xx_hal_spi_ex.c ****   * @{
  29:Drivers/STM32F7xx_HAL_Driver/Src/stm32f7xx_hal_spi_ex.c ****   */
  30:Drivers/STM32F7xx_HAL_Driver/Src/stm32f7xx_hal_spi_ex.c **** 
  31:Drivers/STM32F7xx_HAL_Driver/Src/stm32f7xx_hal_spi_ex.c **** /** @defgroup SPIEx SPIEx
  32:Drivers/STM32F7xx_HAL_Driver/Src/stm32f7xx_hal_spi_ex.c ****   * @brief SPI Extended HAL module driver
ARM GAS  /tmp/ccc08HK0.s 			page 2


  33:Drivers/STM32F7xx_HAL_Driver/Src/stm32f7xx_hal_spi_ex.c ****   * @{
  34:Drivers/STM32F7xx_HAL_Driver/Src/stm32f7xx_hal_spi_ex.c ****   */
  35:Drivers/STM32F7xx_HAL_Driver/Src/stm32f7xx_hal_spi_ex.c **** #ifdef HAL_SPI_MODULE_ENABLED
  36:Drivers/STM32F7xx_HAL_Driver/Src/stm32f7xx_hal_spi_ex.c **** 
  37:Drivers/STM32F7xx_HAL_Driver/Src/stm32f7xx_hal_spi_ex.c **** /* Private typedef -----------------------------------------------------------*/
  38:Drivers/STM32F7xx_HAL_Driver/Src/stm32f7xx_hal_spi_ex.c **** /* Private defines -----------------------------------------------------------*/
  39:Drivers/STM32F7xx_HAL_Driver/Src/stm32f7xx_hal_spi_ex.c **** /** @defgroup SPIEx_Private_Constants SPIEx Private Constants
  40:Drivers/STM32F7xx_HAL_Driver/Src/stm32f7xx_hal_spi_ex.c ****   * @{
  41:Drivers/STM32F7xx_HAL_Driver/Src/stm32f7xx_hal_spi_ex.c ****   */
  42:Drivers/STM32F7xx_HAL_Driver/Src/stm32f7xx_hal_spi_ex.c **** #define SPI_FIFO_SIZE       4UL
  43:Drivers/STM32F7xx_HAL_Driver/Src/stm32f7xx_hal_spi_ex.c **** /**
  44:Drivers/STM32F7xx_HAL_Driver/Src/stm32f7xx_hal_spi_ex.c ****   * @}
  45:Drivers/STM32F7xx_HAL_Driver/Src/stm32f7xx_hal_spi_ex.c ****   */
  46:Drivers/STM32F7xx_HAL_Driver/Src/stm32f7xx_hal_spi_ex.c **** 
  47:Drivers/STM32F7xx_HAL_Driver/Src/stm32f7xx_hal_spi_ex.c **** /* Private macros ------------------------------------------------------------*/
  48:Drivers/STM32F7xx_HAL_Driver/Src/stm32f7xx_hal_spi_ex.c **** /* Private variables ---------------------------------------------------------*/
  49:Drivers/STM32F7xx_HAL_Driver/Src/stm32f7xx_hal_spi_ex.c **** /* Private function prototypes -----------------------------------------------*/
  50:Drivers/STM32F7xx_HAL_Driver/Src/stm32f7xx_hal_spi_ex.c **** /* Exported functions --------------------------------------------------------*/
  51:Drivers/STM32F7xx_HAL_Driver/Src/stm32f7xx_hal_spi_ex.c **** 
  52:Drivers/STM32F7xx_HAL_Driver/Src/stm32f7xx_hal_spi_ex.c **** /** @defgroup SPIEx_Exported_Functions SPIEx Exported Functions
  53:Drivers/STM32F7xx_HAL_Driver/Src/stm32f7xx_hal_spi_ex.c ****   * @{
  54:Drivers/STM32F7xx_HAL_Driver/Src/stm32f7xx_hal_spi_ex.c ****   */
  55:Drivers/STM32F7xx_HAL_Driver/Src/stm32f7xx_hal_spi_ex.c **** 
  56:Drivers/STM32F7xx_HAL_Driver/Src/stm32f7xx_hal_spi_ex.c **** /** @defgroup SPIEx_Exported_Functions_Group1 IO operation functions
  57:Drivers/STM32F7xx_HAL_Driver/Src/stm32f7xx_hal_spi_ex.c ****   *  @brief   Data transfers functions
  58:Drivers/STM32F7xx_HAL_Driver/Src/stm32f7xx_hal_spi_ex.c ****   *
  59:Drivers/STM32F7xx_HAL_Driver/Src/stm32f7xx_hal_spi_ex.c **** @verbatim
  60:Drivers/STM32F7xx_HAL_Driver/Src/stm32f7xx_hal_spi_ex.c ****   ==============================================================================
  61:Drivers/STM32F7xx_HAL_Driver/Src/stm32f7xx_hal_spi_ex.c ****                       ##### IO operation functions #####
  62:Drivers/STM32F7xx_HAL_Driver/Src/stm32f7xx_hal_spi_ex.c ****  ===============================================================================
  63:Drivers/STM32F7xx_HAL_Driver/Src/stm32f7xx_hal_spi_ex.c ****  [..]
  64:Drivers/STM32F7xx_HAL_Driver/Src/stm32f7xx_hal_spi_ex.c ****     This subsection provides a set of extended functions to manage the SPI
  65:Drivers/STM32F7xx_HAL_Driver/Src/stm32f7xx_hal_spi_ex.c ****     data transfers.
  66:Drivers/STM32F7xx_HAL_Driver/Src/stm32f7xx_hal_spi_ex.c **** 
  67:Drivers/STM32F7xx_HAL_Driver/Src/stm32f7xx_hal_spi_ex.c ****     (#) Rx data flush function:
  68:Drivers/STM32F7xx_HAL_Driver/Src/stm32f7xx_hal_spi_ex.c ****         (++) HAL_SPIEx_FlushRxFifo()
  69:Drivers/STM32F7xx_HAL_Driver/Src/stm32f7xx_hal_spi_ex.c **** 
  70:Drivers/STM32F7xx_HAL_Driver/Src/stm32f7xx_hal_spi_ex.c **** @endverbatim
  71:Drivers/STM32F7xx_HAL_Driver/Src/stm32f7xx_hal_spi_ex.c ****   * @{
  72:Drivers/STM32F7xx_HAL_Driver/Src/stm32f7xx_hal_spi_ex.c ****   */
  73:Drivers/STM32F7xx_HAL_Driver/Src/stm32f7xx_hal_spi_ex.c **** 
  74:Drivers/STM32F7xx_HAL_Driver/Src/stm32f7xx_hal_spi_ex.c **** /**
  75:Drivers/STM32F7xx_HAL_Driver/Src/stm32f7xx_hal_spi_ex.c ****   * @brief  Flush the RX fifo.
  76:Drivers/STM32F7xx_HAL_Driver/Src/stm32f7xx_hal_spi_ex.c ****   * @param  hspi pointer to a SPI_HandleTypeDef structure that contains
  77:Drivers/STM32F7xx_HAL_Driver/Src/stm32f7xx_hal_spi_ex.c ****   *               the configuration information for the specified SPI module.
  78:Drivers/STM32F7xx_HAL_Driver/Src/stm32f7xx_hal_spi_ex.c ****   * @retval HAL status
  79:Drivers/STM32F7xx_HAL_Driver/Src/stm32f7xx_hal_spi_ex.c ****   */
  80:Drivers/STM32F7xx_HAL_Driver/Src/stm32f7xx_hal_spi_ex.c **** HAL_StatusTypeDef HAL_SPIEx_FlushRxFifo(SPI_HandleTypeDef *hspi)
  81:Drivers/STM32F7xx_HAL_Driver/Src/stm32f7xx_hal_spi_ex.c **** {
  27              		.loc 1 81 0
  28              		.cfi_startproc
  29              		@ args = 0, pretend = 0, frame = 8
  30              		@ frame_needed = 0, uses_anonymous_args = 0
  31              		@ link register save eliminated.
  32              	.LVL0:
  82:Drivers/STM32F7xx_HAL_Driver/Src/stm32f7xx_hal_spi_ex.c ****   __IO uint32_t tmpreg;
  83:Drivers/STM32F7xx_HAL_Driver/Src/stm32f7xx_hal_spi_ex.c ****   uint8_t  count = 0U;
ARM GAS  /tmp/ccc08HK0.s 			page 3


  33              		.loc 1 83 0
  34 0000 0023     		movs	r3, #0
  35              	.LVL1:
  84:Drivers/STM32F7xx_HAL_Driver/Src/stm32f7xx_hal_spi_ex.c ****   while ((hspi->Instance->SR & SPI_FLAG_FRLVL) !=  SPI_FRLVL_EMPTY)
  36              		.loc 1 84 0
  37 0002 0268     		ldr	r2, [r0]
  38 0004 9168     		ldr	r1, [r2, #8]
  39 0006 11F4C06F 		tst	r1, #1536
  40 000a 12D0     		beq	.L10
  81:Drivers/STM32F7xx_HAL_Driver/Src/stm32f7xx_hal_spi_ex.c ****   __IO uint32_t tmpreg;
  41              		.loc 1 81 0
  42 000c 82B0     		sub	sp, sp, #8
  43              	.LCFI0:
  44              		.cfi_def_cfa_offset 8
  45 000e 04E0     		b	.L4
  46              	.L12:
  47              		.loc 1 84 0
  48 0010 0268     		ldr	r2, [r0]
  49 0012 9168     		ldr	r1, [r2, #8]
  50 0014 11F4C06F 		tst	r1, #1536
  51 0018 09D0     		beq	.L11
  52              	.L4:
  85:Drivers/STM32F7xx_HAL_Driver/Src/stm32f7xx_hal_spi_ex.c ****   {
  86:Drivers/STM32F7xx_HAL_Driver/Src/stm32f7xx_hal_spi_ex.c ****     count++;
  53              		.loc 1 86 0
  54 001a 0133     		adds	r3, r3, #1
  55              	.LVL2:
  56 001c DBB2     		uxtb	r3, r3
  57              	.LVL3:
  87:Drivers/STM32F7xx_HAL_Driver/Src/stm32f7xx_hal_spi_ex.c ****     tmpreg = hspi->Instance->DR;
  58              		.loc 1 87 0
  59 001e D268     		ldr	r2, [r2, #12]
  60 0020 0192     		str	r2, [sp, #4]
  88:Drivers/STM32F7xx_HAL_Driver/Src/stm32f7xx_hal_spi_ex.c ****     UNUSED(tmpreg); /* To avoid GCC warning */
  61              		.loc 1 88 0
  62 0022 019A     		ldr	r2, [sp, #4]
  89:Drivers/STM32F7xx_HAL_Driver/Src/stm32f7xx_hal_spi_ex.c ****     if (count == SPI_FIFO_SIZE)
  63              		.loc 1 89 0
  64 0024 042B     		cmp	r3, #4
  65 0026 F3D1     		bne	.L12
  90:Drivers/STM32F7xx_HAL_Driver/Src/stm32f7xx_hal_spi_ex.c ****     {
  91:Drivers/STM32F7xx_HAL_Driver/Src/stm32f7xx_hal_spi_ex.c ****       return HAL_TIMEOUT;
  66              		.loc 1 91 0
  67 0028 0320     		movs	r0, #3
  68              	.LVL4:
  69              	.L3:
  92:Drivers/STM32F7xx_HAL_Driver/Src/stm32f7xx_hal_spi_ex.c ****     }
  93:Drivers/STM32F7xx_HAL_Driver/Src/stm32f7xx_hal_spi_ex.c ****   }
  94:Drivers/STM32F7xx_HAL_Driver/Src/stm32f7xx_hal_spi_ex.c ****   return HAL_OK;
  95:Drivers/STM32F7xx_HAL_Driver/Src/stm32f7xx_hal_spi_ex.c **** }
  70              		.loc 1 95 0
  71 002a 02B0     		add	sp, sp, #8
  72              	.LCFI1:
  73              		.cfi_remember_state
  74              		.cfi_def_cfa_offset 0
  75              		@ sp needed
  76 002c 7047     		bx	lr
ARM GAS  /tmp/ccc08HK0.s 			page 4


  77              	.LVL5:
  78              	.L11:
  79              	.LCFI2:
  80              		.cfi_restore_state
  94:Drivers/STM32F7xx_HAL_Driver/Src/stm32f7xx_hal_spi_ex.c **** }
  81              		.loc 1 94 0
  82 002e 0020     		movs	r0, #0
  83              	.LVL6:
  84 0030 FBE7     		b	.L3
  85              	.LVL7:
  86              	.L10:
  87              	.LCFI3:
  88              		.cfi_def_cfa_offset 0
  89 0032 0020     		movs	r0, #0
  90              	.LVL8:
  91              		.loc 1 95 0
  92 0034 7047     		bx	lr
  93              		.cfi_endproc
  94              	.LFE141:
  96              		.text
  97              	.Letext0:
  98              		.file 2 "/usr/include/newlib/machine/_default_types.h"
  99              		.file 3 "/usr/include/newlib/sys/_stdint.h"
 100              		.file 4 "Drivers/CMSIS/Include/core_cm7.h"
 101              		.file 5 "Drivers/CMSIS/Device/ST/STM32F7xx/Include/system_stm32f7xx.h"
 102              		.file 6 "Drivers/CMSIS/Device/ST/STM32F7xx/Include/stm32f767xx.h"
 103              		.file 7 "Drivers/STM32F7xx_HAL_Driver/Inc/stm32f7xx_hal_def.h"
 104              		.file 8 "Drivers/STM32F7xx_HAL_Driver/Inc/stm32f7xx_hal_dma.h"
 105              		.file 9 "Drivers/STM32F7xx_HAL_Driver/Inc/stm32f7xx_hal_spi.h"
 106              		.file 10 "Drivers/STM32F7xx_HAL_Driver/Inc/stm32f7xx_hal.h"
ARM GAS  /tmp/ccc08HK0.s 			page 5


DEFINED SYMBOLS
                            *ABS*:0000000000000000 stm32f7xx_hal_spi_ex.c
     /tmp/ccc08HK0.s:17     .text.HAL_SPIEx_FlushRxFifo:0000000000000000 $t
     /tmp/ccc08HK0.s:24     .text.HAL_SPIEx_FlushRxFifo:0000000000000000 HAL_SPIEx_FlushRxFifo
                     .debug_frame:0000000000000010 $d

NO UNDEFINED SYMBOLS
